2025-04-12 20:45:50,239 WARNING: PyNaCl is not installed, voice will NOT be supported
2025-04-12 20:45:50,240 INFO: logging in using static token
2025-04-12 20:45:50,715 INFO: Shard ID None has sent the IDENTIFY payload.
2025-04-12 20:45:50,877 INFO: Shard ID None has connected to Gateway: ["gateway-prd-us-east1-d-c02x",{"micros":54870,"calls":["id_created",{"micros":1135,"calls":[]},"session_lookup_time",{"micros":3560,"calls":[]},"session_lookup_finished",{"micros":16,"calls":[]},"discord-sessions-prd-2-105",{"micros":49112,"calls":["start_session",{"micros":46836,"calls":["discord-api-rpc-64595d8df5-2t78r",{"micros":39269,"calls":["get_user",{"micros":5883},"get_guilds",{"micros":5304},"send_scheduled_deletion_message",{"micros":8},"guild_join_requests",{"micros":1},"authorized_ip_coro",{"micros":8},"pending_payments",{"micros":582},"apex_user_experiments",{"micros":1}]}]},"starting_guild_connect",{"micros":25,"calls":[]},"presence_started",{"micros":1830,"calls":[]},"guilds_started",{"micros":61,"calls":[]},"lobbies_started",{"micros":1,"calls":[]},"guilds_connect",{"micros":1,"calls":[]},"presence_connect",{"micros":343,"calls":[]},"connect_finished",{"micros":347,"calls":[]},"build_ready",{"micros":10,"calls":[]},"clean_ready",{"micros":0,"calls":[]},"optimize_ready",{"micros":0,"calls":[]},"split_ready",{"micros":1,"calls":[]}]}]}] (Session ID: df3c6cce0d5f104e25749338f6323238).
2025-04-12 20:45:53,777 INFO: 第 1 頁抓到 32 個商品。
2025-04-12 20:45:54,306 INFO: 第 2 頁抓到 32 個商品。
2025-04-12 20:45:54,838 INFO: 第 3 頁抓到 32 個商品。
2025-04-12 20:45:55,651 INFO: 第 4 頁抓到 32 個商品。
2025-04-12 20:45:56,463 INFO: 第 5 頁抓到 32 個商品。
2025-04-12 20:45:57,314 INFO: 第 6 頁抓到 32 個商品。
2025-04-12 20:45:57,934 INFO: 第 7 頁抓到 32 個商品。
2025-04-12 20:45:58,533 INFO: 第 8 頁抓到 32 個商品。
2025-04-12 20:45:59,358 INFO: 第 9 頁抓到 32 個商品。
2025-04-12 20:46:00,152 INFO: 第 10 頁抓到 32 個商品。
2025-04-12 20:46:00,944 INFO: 第 11 頁抓到 32 個商品。
2025-04-12 20:46:01,507 INFO: 第 12 頁抓到 32 個商品。
2025-04-12 20:46:02,068 INFO: 第 13 頁抓到 32 個商品。
2025-04-12 20:46:02,735 INFO: 第 14 頁抓到 32 個商品。
2025-04-12 20:46:03,356 INFO: 第 15 頁抓到 32 個商品。
2025-04-12 20:46:03,960 INFO: 第 16 頁抓到 32 個商品。
2025-04-12 20:46:04,533 INFO: 第 17 頁抓到 32 個商品。
2025-04-12 20:46:05,115 INFO: 第 18 頁抓到 32 個商品。
2025-04-12 20:46:05,692 INFO: 第 19 頁抓到 32 個商品。
2025-04-12 20:46:06,521 INFO: 第 20 頁抓到 32 個商品。
2025-04-12 20:46:07,102 INFO: 第 21 頁抓到 32 個商品。
2025-04-12 20:46:07,798 INFO: 第 22 頁抓到 32 個商品。
2025-04-12 20:46:08,361 INFO: 第 23 頁抓到 32 個商品。
2025-04-12 20:46:09,121 INFO: 第 24 頁抓到 32 個商品。
2025-04-12 20:46:09,706 INFO: 第 25 頁抓到 32 個商品。
2025-04-12 20:46:10,319 INFO: 第 26 頁抓到 32 個商品。
2025-04-12 20:46:10,891 INFO: 第 27 頁抓到 32 個商品。
2025-04-12 20:46:11,477 INFO: 第 28 頁抓到 32 個商品。
2025-04-12 20:46:12,044 INFO: 第 29 頁抓到 32 個商品。
2025-04-12 20:46:12,641 INFO: 第 30 頁抓到 32 個商品。
2025-04-12 20:46:13,248 INFO: 第 31 頁抓到 32 個商品。
2025-04-12 20:46:13,913 INFO: 第 32 頁抓到 32 個商品。
2025-04-12 20:46:14,479 INFO: 第 33 頁抓到 32 個商品。
2025-04-12 20:46:15,067 INFO: 第 34 頁抓到 32 個商品。
2025-04-12 20:46:15,660 INFO: 第 35 頁抓到 32 個商品。
2025-04-12 20:46:16,264 INFO: 第 36 頁抓到 32 個商品。
2025-04-12 20:46:16,964 INFO: 第 37 頁抓到 32 個商品。
2025-04-12 20:46:17,729 INFO: 第 38 頁抓到 32 個商品。
2025-04-12 20:46:18,394 INFO: 第 39 頁抓到 32 個商品。
2025-04-12 20:46:18,993 INFO: 第 40 頁抓到 32 個商品。
2025-04-12 20:46:19,708 INFO: 第 41 頁抓到 32 個商品。
2025-04-12 20:46:20,267 INFO: 第 42 頁抓到 32 個商品。
2025-04-12 20:46:20,794 INFO: 第 43 頁抓到 32 個商品。
2025-04-12 20:46:21,420 INFO: 第 44 頁抓到 32 個商品。
2025-04-12 20:46:22,039 INFO: 第 45 頁抓到 32 個商品。
2025-04-12 20:46:22,620 INFO: 第 46 頁抓到 32 個商品。
2025-04-12 20:46:23,208 INFO: 第 47 頁抓到 32 個商品。
2025-04-12 20:46:23,786 INFO: 第 48 頁抓到 32 個商品。
2025-04-12 20:46:23,836 INFO: 更新商品: ちいかわ ペンケース（セリフ） 狀態從 売り切れ 變更為 在庫有
2025-04-12 20:46:23,906 INFO: 更新商品: ちいかわ ミニレターセット（セリフ） 狀態從 売り切れ 變更為 在庫有
2025-04-12 20:46:24,391 INFO: 第 49 頁抓到 32 個商品。
2025-04-12 20:46:25,017 INFO: 第 50 頁抓到 32 個商品。
2025-04-12 20:46:25,597 INFO: 第 51 頁抓到 32 個商品。
2025-04-12 20:46:26,206 INFO: 第 52 頁抓到 32 個商品。
2025-04-12 20:46:26,856 INFO: 第 53 頁抓到 32 個商品。
2025-04-12 20:46:27,420 INFO: 第 54 頁抓到 32 個商品。
2025-04-12 20:46:28,005 INFO: 第 55 頁抓到 32 個商品。
2025-04-12 20:46:28,574 INFO: 第 56 頁抓到 32 個商品。
2025-04-12 20:46:29,198 INFO: 第 57 頁抓到 32 個商品。
2025-04-12 20:46:29,808 INFO: 第 58 頁抓到 32 個商品。
2025-04-12 20:46:30,398 INFO: 第 59 頁抓到 32 個商品。
2025-04-12 20:46:30,994 INFO: 第 60 頁抓到 32 個商品。
2025-04-12 20:46:31,561 INFO: 第 61 頁抓到 32 個商品。
2025-04-12 20:46:32,137 INFO: 第 62 頁抓到 32 個商品。
2025-04-12 20:46:32,733 INFO: 第 63 頁抓到 32 個商品。
2025-04-12 20:46:33,304 INFO: 第 64 頁抓到 32 個商品。
2025-04-12 20:46:33,885 INFO: 第 65 頁抓到 32 個商品。
2025-04-12 20:46:34,479 INFO: 第 66 頁抓到 32 個商品。
2025-04-12 20:46:35,055 INFO: 第 67 頁抓到 32 個商品。
2025-04-12 20:46:35,627 INFO: 第 68 頁抓到 32 個商品。
2025-04-12 20:46:36,249 INFO: 第 69 頁抓到 32 個商品。
2025-04-12 20:46:36,830 INFO: 第 70 頁抓到 32 個商品。
2025-04-12 20:46:37,425 INFO: 第 71 頁抓到 32 個商品。
2025-04-12 20:46:37,987 INFO: 第 72 頁抓到 32 個商品。
2025-04-12 20:46:38,535 INFO: 第 73 頁抓到 32 個商品。
2025-04-12 20:46:39,131 INFO: 第 74 頁抓到 32 個商品。
2025-04-12 20:46:39,667 INFO: 第 75 頁抓到 32 個商品。
2025-04-12 20:46:40,221 INFO: 第 76 頁抓到 32 個商品。
2025-04-12 20:46:40,792 INFO: 第 77 頁抓到 32 個商品。
2025-04-12 20:46:41,324 INFO: 第 78 頁抓到 32 個商品。
2025-04-12 20:46:41,914 INFO: 第 79 頁抓到 32 個商品。
2025-04-12 20:46:42,493 INFO: 第 80 頁抓到 32 個商品。
2025-04-12 20:46:43,040 INFO: 第 81 頁抓到 32 個商品。
2025-04-12 20:46:43,651 INFO: 第 82 頁抓到 32 個商品。
2025-04-12 20:46:44,283 INFO: 第 83 頁抓到 32 個商品。
2025-04-12 20:46:44,287 INFO: 更新商品: ちいかわ アクセサリーケース（ハチワレ） 狀態從 売り切れ 變更為 在庫有
2025-04-12 20:46:44,842 INFO: 第 84 頁抓到 32 個商品。
2025-04-12 20:46:45,516 INFO: 第 85 頁抓到 32 個商品。
2025-04-12 20:46:46,155 INFO: 第 86 頁抓到 32 個商品。
2025-04-12 20:46:46,709 INFO: 第 87 頁抓到 32 個商品。
2025-04-12 20:46:47,250 INFO: 第 88 頁抓到 32 個商品。
2025-04-12 20:46:47,830 INFO: 第 89 頁抓到 32 個商品。
2025-04-12 20:46:48,396 INFO: 第 90 頁抓到 32 個商品。
2025-04-12 20:46:49,030 INFO: 第 91 頁抓到 32 個商品。
2025-04-12 20:46:49,659 INFO: 第 92 頁抓到 32 個商品。
2025-04-12 20:46:50,274 INFO: 第 93 頁抓到 32 個商品。
2025-04-12 20:46:50,870 INFO: 第 94 頁抓到 32 個商品。
2025-04-12 20:46:51,435 INFO: 第 95 頁抓到 32 個商品。
2025-04-12 20:46:52,068 INFO: 第 96 頁抓到 32 個商品。
2025-04-12 20:46:52,671 INFO: 第 97 頁抓到 32 個商品。
2025-04-12 20:46:53,202 INFO: 第 98 頁抓到 32 個商品。
2025-04-12 20:46:53,852 INFO: 第 99 頁抓到 32 個商品。
2025-04-12 20:46:54,466 INFO: 第 100 頁抓到 32 個商品。
2025-04-12 20:46:54,992 INFO: 第 101 頁抓到 32 個商品。
2025-04-12 20:46:55,540 INFO: 第 102 頁抓到 32 個商品。
2025-04-12 20:46:56,122 INFO: 第 103 頁抓到 32 個商品。
2025-04-12 20:46:57,667 INFO: 第 104 頁抓到 32 個商品。
2025-04-12 20:46:58,294 INFO: 第 105 頁抓到 32 個商品。
2025-04-12 20:46:59,026 INFO: 第 106 頁抓到 32 個商品。
2025-04-12 20:46:59,703 INFO: 第 107 頁抓到 32 個商品。
2025-04-12 20:47:00,313 INFO: 第 108 頁抓到 32 個商品。
2025-04-12 20:47:00,387 INFO: 更新商品: ちいかわ ペンケース（セリフ） 狀態從 在庫有 變更為 売り切れ
2025-04-12 20:47:00,440 INFO: 更新商品: ちいかわ ミニレターセット（セリフ） 狀態從 在庫有 變更為 売り切れ
2025-04-12 20:47:00,926 INFO: 第 109 頁抓到 32 個商品。
2025-04-12 20:47:01,500 INFO: 第 110 頁抓到 32 個商品。
2025-04-12 20:47:02,100 INFO: 第 111 頁抓到 32 個商品。
2025-04-12 20:47:02,636 INFO: 第 112 頁抓到 32 個商品。
2025-04-12 20:47:03,230 INFO: 第 113 頁抓到 32 個商品。
2025-04-12 20:47:03,302 INFO: 更新商品: ちいかわ コップ3個セット 狀態從 売り切れ 變更為 在庫有
2025-04-12 20:47:03,791 INFO: 第 114 頁抓到 32 個商品。
2025-04-12 20:47:04,395 INFO: 第 115 頁抓到 32 個商品。
2025-04-12 20:47:04,965 INFO: 第 116 頁抓到 32 個商品。
2025-04-12 20:47:05,004 INFO: 更新商品: ちいかわ アクセサリーケース（ハチワレ） 狀態從 在庫有 變更為 売り切れ
2025-04-12 20:47:05,588 INFO: 第 117 頁抓到 32 個商品。
2025-04-12 20:47:06,160 INFO: 第 118 頁抓到 32 個商品。
2025-04-12 20:47:06,755 INFO: 第 119 頁抓到 32 個商品。
2025-04-12 20:47:07,294 INFO: 第 120 頁抓到 32 個商品。
2025-04-12 20:47:07,908 INFO: 第 121 頁抓到 32 個商品。
2025-04-12 20:47:08,475 INFO: 第 122 頁抓到 32 個商品。
2025-04-12 20:47:09,045 INFO: 第 123 頁抓到 32 個商品。
2025-04-12 20:47:09,677 INFO: 第 124 頁抓到 32 個商品。
2025-04-12 20:47:10,243 INFO: 第 125 頁抓到 32 個商品。
2025-04-12 20:47:10,815 INFO: 第 126 頁抓到 32 個商品。
2025-04-12 20:47:11,437 INFO: 第 127 頁抓到 32 個商品。
2025-04-12 20:47:12,020 INFO: 第 128 頁抓到 32 個商品。
2025-04-12 20:47:12,588 INFO: 第 129 頁抓到 32 個商品。
2025-04-12 20:47:13,230 INFO: 第 130 頁抓到 32 個商品。
2025-04-12 20:47:13,808 INFO: 第 131 頁抓到 32 個商品。
2025-04-12 20:47:14,478 INFO: 第 132 頁抓到 32 個商品。
2025-04-12 20:47:15,046 INFO: 第 133 頁抓到 32 個商品。
2025-04-12 20:47:15,642 INFO: 第 134 頁抓到 32 個商品。
2025-04-12 20:47:16,202 INFO: 第 135 頁抓到 32 個商品。
2025-04-12 20:47:16,757 INFO: 第 136 頁抓到 32 個商品。
2025-04-12 20:47:17,331 INFO: 第 137 頁抓到 32 個商品。
2025-04-12 20:47:18,217 INFO: 第 138 頁抓到 32 個商品。
2025-04-12 20:47:18,840 INFO: 第 139 頁抓到 32 個商品。
2025-04-12 20:47:19,454 INFO: 第 140 頁抓到 32 個商品。
2025-04-12 20:47:20,026 INFO: 第 141 頁抓到 32 個商品。
2025-04-12 20:47:20,631 INFO: 第 142 頁抓到 32 個商品。
2025-04-12 20:47:21,211 INFO: 第 143 頁抓到 32 個商品。
2025-04-12 20:47:21,771 INFO: 第 144 頁抓到 32 個商品。
2025-04-12 20:47:22,477 INFO: 第 145 頁抓到 32 個商品。
2025-04-12 20:47:23,061 INFO: 第 146 頁抓到 32 個商品。
2025-04-12 20:47:23,642 INFO: 第 147 頁抓到 32 個商品。
2025-04-12 20:47:24,262 INFO: 第 148 頁抓到 32 個商品。
2025-04-12 20:47:24,814 INFO: 第 149 頁抓到 32 個商品。
2025-04-12 20:47:25,388 INFO: 第 150 頁抓到 32 個商品。
2025-04-12 20:47:26,035 INFO: 第 151 頁抓到 32 個商品。
2025-04-12 20:47:26,575 INFO: 第 152 頁抓到 32 個商品。
2025-04-12 20:47:27,196 INFO: 第 153 頁抓到 32 個商品。
2025-04-12 20:47:27,816 INFO: 第 154 頁抓到 32 個商品。
2025-04-12 20:47:28,391 INFO: 第 155 頁抓到 32 個商品。
2025-04-12 20:47:28,991 INFO: 第 156 頁抓到 32 個商品。
2025-04-12 20:47:29,606 INFO: 第 157 頁抓到 32 個商品。
2025-04-12 20:47:29,687 INFO: 更新商品: ちいかわ ヘアクリップ（ちいかわ） 狀態從 在庫有 變更為 売り切れ
2025-04-12 20:47:29,691 INFO: 更新商品: ちいかわ ヘアクリップ（ハチワレ） 狀態從 在庫有 變更為 売り切れ
2025-04-12 20:47:30,176 INFO: 第 158 頁抓到 32 個商品。
2025-04-12 20:47:30,774 INFO: 第 159 頁抓到 32 個商品。
2025-04-12 20:47:30,824 INFO: 更新商品: ちいかわ ヘアクリップ（ハチワレ） 狀態從 売り切れ 變更為 在庫有
2025-04-12 20:47:30,828 INFO: 更新商品: ちいかわ ヘアクリップ（ちいかわ） 狀態從 売り切れ 變更為 在庫有
2025-04-12 20:47:31,370 INFO: 第 160 頁抓到 32 個商品。
2025-04-12 20:47:31,930 INFO: 第 161 頁抓到 32 個商品。
2025-04-12 20:47:32,539 INFO: 第 162 頁抓到 32 個商品。
2025-04-12 20:47:33,121 INFO: 第 163 頁抓到 32 個商品。
2025-04-12 20:47:33,724 INFO: 第 164 頁抓到 32 個商品。
2025-04-12 20:47:34,376 INFO: 第 165 頁抓到 32 個商品。
2025-04-12 20:47:35,007 INFO: 第 166 頁抓到 32 個商品。
2025-04-12 20:47:35,711 INFO: 第 167 頁抓到 32 個商品。
2025-04-12 20:47:36,314 INFO: 第 168 頁抓到 32 個商品。
2025-04-12 20:47:36,917 INFO: 第 169 頁抓到 32 個商品。
2025-04-12 20:47:37,435 INFO: 第 170 頁抓到 32 個商品。
2025-04-12 20:47:38,002 INFO: 第 171 頁抓到 32 個商品。
2025-04-12 20:47:38,580 INFO: 第 172 頁抓到 32 個商品。
2025-04-12 20:47:39,186 INFO: 第 173 頁抓到 32 個商品。
2025-04-12 20:47:39,757 INFO: 第 174 頁抓到 32 個商品。
2025-04-12 20:47:40,394 INFO: 第 175 頁抓到 32 個商品。
2025-04-12 20:47:40,977 INFO: 第 176 頁抓到 32 個商品。
2025-04-12 20:47:41,540 INFO: 第 177 頁抓到 32 個商品。
2025-04-12 20:47:42,151 INFO: 第 178 頁抓到 32 個商品。
2025-04-12 20:47:42,715 INFO: 第 179 頁抓到 32 個商品。
2025-04-12 20:47:43,281 INFO: 第 180 頁抓到 32 個商品。
2025-04-12 20:47:43,891 INFO: 第 181 頁抓到 32 個商品。
2025-04-12 20:47:44,483 INFO: 第 182 頁抓到 32 個商品。
2025-04-12 20:47:44,544 INFO: 更新商品: ちいかわ コップ3個セット 狀態從 在庫有 變更為 売り切れ
2025-04-12 20:47:45,042 INFO: 第 183 頁抓到 32 個商品。
2025-04-12 20:47:45,580 INFO: 第 184 頁抓到 32 個商品。
2025-04-12 20:47:46,223 INFO: 第 185 頁抓到 32 個商品。
2025-04-12 20:47:46,784 INFO: 第 186 頁抓到 32 個商品。
2025-04-12 20:47:47,351 INFO: 第 187 頁抓到 32 個商品。
2025-04-12 20:47:48,266 INFO: 第 188 頁抓到 32 個商品。
2025-04-12 20:47:48,788 INFO: 第 189 頁抓到 32 個商品。
2025-04-12 20:47:49,403 INFO: 第 190 頁抓到 32 個商品。
2025-04-12 20:47:49,998 INFO: 第 191 頁抓到 32 個商品。
2025-04-12 20:47:50,609 INFO: 第 192 頁抓到 32 個商品。
2025-04-12 20:47:51,179 INFO: 第 193 頁抓到 32 個商品。
2025-04-12 20:47:51,730 INFO: 第 194 頁抓到 32 個商品。
2025-04-12 20:47:52,311 INFO: 第 195 頁抓到 32 個商品。
2025-04-12 20:47:52,932 INFO: 第 196 頁抓到 32 個商品。
2025-04-12 20:47:53,539 INFO: 第 197 頁抓到 32 個商品。
2025-04-12 20:47:54,173 INFO: 第 198 頁抓到 32 個商品。
2025-04-12 20:47:54,795 INFO: 第 199 頁抓到 32 個商品。
2025-04-12 20:47:55,462 INFO: 第 200 頁抓到 32 個商品。
2025-04-12 20:47:56,100 INFO: 第 201 頁抓到 32 個商品。
2025-04-12 20:47:56,765 INFO: 第 202 頁抓到 32 個商品。
2025-04-12 20:47:57,331 INFO: 第 203 頁抓到 32 個商品。
2025-04-12 20:47:57,817 INFO: 第 204 頁抓到 4 個商品。
2025-04-12 20:47:58,115 INFO: 第 205 頁無商品，結束分頁爬取。
2025-04-12 20:47:58,138 INFO: 爬取作業完成。
2025-04-12 20:47:58,329 ERROR: 下載圖片失敗 (未知商品): Invalid URL '//chiikawamarket.jp/cdn/shop/files/blank_686x.png?v=14584766377454715457': No scheme supplied. Perhaps you meant https:////chiikawamarket.jp/cdn/shop/files/blank_686x.png?v=14584766377454715457?
2025-04-12 20:50:05,837 INFO: Cleaning up tasks.
2025-04-12 20:50:05,837 INFO: Cleaning up after 3 tasks.
2025-04-12 20:50:05,944 INFO: All tasks finished cancelling.
2025-04-12 20:50:05,944 INFO: Closing the event loop.
